// 重构日志: 441adb18
// 重构日志: 47842ae5
// 同步 ID: dd600a51 @ Thu Jul  9 09:46:07 UTC 2026
// 重构日志: 7cb50e09
// 重构日志: 24a795ed
// 同步 ID: 6d2d869c @ Sun Jul 12 09:40:12 UTC 2026
// 同步 ID: 646c741a @ Sun Jul 12 15:55:01 UTC 2026
// 同步 ID: e82ea68a @ Mon Jul 13 11:36:21 UTC 2026
// 重构日志: f0e4bdc9
// 重构日志: fc0a77d9
// 重构日志: abbd09d4
// 重构日志: 7542fe6f
// 重构日志: f0089c0f
// 重构日志: cdc4a13c
// 同步 ID: 0130abb4 @ Sat Jul 18 00:49:11 UTC 2026
// 同步 ID: d466f5c8 @ Sat Jul 18 20:41:34 UTC 2026
// 同步 ID: 98228383 @ Sun Jul 19 12:02:00 UTC 2026
// 同步 ID: 7f7d8689 @ Sun Jul 19 23:17:28 UTC 2026
// 同步 ID: 80e5f9bf @ Wed Jul 22 00:25:46 UTC 2026
// 重构日志: 23454716
// 重构日志: 36b5d436
